<?xml version="1.0" encoding="UTF-8"?>
<!-- Generated by org.testng.reporters.JUnitReportReporter -->
<testsuite hostname="MLR-LT260" failures="0" tests="2" name="ChaitraAcademy.tests.SubmitOrderTestdataproviderJSON" time="36.169" errors="0" timestamp="2024-07-21T12:39:41 IST" skipped="0">
  <testcase classname="ChaitraAcademy.tests.SubmitOrderTestdataproviderJSON" name="SubmitOrder" time="17.628"/>
  <testcase classname="ChaitraAcademy.tests.SubmitOrderTestdataproviderJSON" name="SubmitOrder" time="18.541"/>
</testsuite> <!-- ChaitraAcademy.tests.SubmitOrderTestdataproviderJSON -->
