<?xml version="1.0" encoding="UTF-8"?>
<!-- Generated by org.testng.reporters.JUnitReportReporter -->
<testsuite hostname="MLR-LT260" failures="0" tests="2" name="ChaitraAcademy.tests.SubmitOrderTestTestdataprosample" time="28.587" errors="0" timestamp="2024-08-25T11:15:24 IST" skipped="0">
  <testcase classname="ChaitraAcademy.tests.SubmitOrderTestTestdataprosample" name="SubmitOrder" time="22.310"/>
  <testcase classname="ChaitraAcademy.tests.SubmitOrderTestTestdataprosample" name="OrderHistoryTest" time="6.277"/>
</testsuite> <!-- ChaitraAcademy.tests.SubmitOrderTestTestdataprosample -->
