<?xml version="1.0" encoding="UTF-8"?>
<!-- Generated by org.testng.reporters.JUnitReportReporter -->
<testsuite hostname="MLR-LT260" failures="0" tests="2" name="ChaitraAcademy.tests.SubmitOrderTest" time="22.551" errors="0" timestamp="2024-08-25T21:23:51 IST" skipped="0">
  <testcase classname="ChaitraAcademy.tests.SubmitOrderTest" name="SubmitOrder" time="19.947"/>
  <testcase classname="ChaitraAcademy.tests.SubmitOrderTest" name="OrderHistoryTest" time="2.604"/>
</testsuite> <!-- ChaitraAcademy.tests.SubmitOrderTest -->
