<?xml version="1.0" encoding="UTF-8"?>
<!-- Generated by org.testng.reporters.JUnitReportReporter -->
<testsuite hostname="MLR-LT260" failures="0" tests="2" name="ChaitraAcademy.tests.SubmitOrderTestdataprovider" time="41.391" errors="0" timestamp="2024-07-20T11:55:56 IST" skipped="0">
  <testcase classname="ChaitraAcademy.tests.SubmitOrderTestdataprovider" name="SubmitOrder" time="20.620"/>
  <testcase classname="ChaitraAcademy.tests.SubmitOrderTestdataprovider" name="SubmitOrder" time="20.771"/>
</testsuite> <!-- ChaitraAcademy.tests.SubmitOrderTestdataprovider -->
