<?xml version="1.0" encoding="UTF-8"?>
<!-- Generated by org.testng.reporters.JUnitReportReporter -->
<testsuite hostname="MLR-LT260" failures="0" tests="2" name="ChaitraAcademy.tests.SubmitOrderTestdataproviderHashMap" time="41.129" errors="0" timestamp="2024-07-20T12:42:10 IST" skipped="0">
  <testcase classname="ChaitraAcademy.tests.SubmitOrderTestdataproviderHashMap" name="SubmitOrder" time="18.874"/>
  <testcase classname="ChaitraAcademy.tests.SubmitOrderTestdataproviderHashMap" name="SubmitOrder" time="22.255"/>
</testsuite> <!-- ChaitraAcademy.tests.SubmitOrderTestdataproviderHashMap -->
