<?xml version="1.0" encoding="UTF-8"?>
<!-- Generated by org.testng.reporters.JUnitReportReporter -->
<testsuite hostname="MLR-LT260" failures="0" tests="2" name="ChaitraAcademy.tests.SubmitOrderTestTestdataprosample" time="22.717" errors="0" timestamp="2024-09-02T23:55:43 IST" skipped="0">
  <testcase classname="ChaitraAcademy.tests.SubmitOrderTestTestdataprosample" name="SubmitOrder" time="18.996"/>
  <testcase classname="ChaitraAcademy.tests.SubmitOrderTestTestdataprosample" name="OrderHistoryTest" time="3.721"/>
</testsuite> <!-- ChaitraAcademy.tests.SubmitOrderTestTestdataprosample -->
